[debug] [2025-01-01T16:46:57.113Z] ----------------------------------------------------------------------
[debug] [2025-01-01T16:46:57.119Z] Command:       C:\Program Files\nodejs\node.exe C:\Users\SUPER\AppData\Roaming\npm\node_modules\firebase-tools\lib\bin\firebase.js init
[debug] [2025-01-01T16:46:57.120Z] CLI Version:   13.29.1
[debug] [2025-01-01T16:46:57.120Z] Platform:      win32
[debug] [2025-01-01T16:46:57.121Z] Node Version:  v20.11.1
[debug] [2025-01-01T16:46:57.121Z] Time:          Wed Jan 01 2025 22:16:57 GMT+0530 (India Standard Time)
[debug] [2025-01-01T16:46:57.121Z] ----------------------------------------------------------------------
[debug] 
[debug] [2025-01-01T16:46:57.320Z] > command requires scopes: ["email","openid","https://www.googleapis.com/auth/cloudplatformprojects.readonly","https://www.googleapis.com/auth/firebase","https://www.googleapis.com/auth/cloud-platform"]
[debug] [2025-01-01T16:46:57.321Z] > authorizing via signed-in user (aryanp9564@gmail.com)
[info] 
     ######## #### ########  ######## ########     ###     ######  ########
     ##        ##  ##     ## ##       ##     ##  ##   ##  ##       ##
     ######    ##  ########  ######   ########  #########  ######  ######
     ##        ##  ##    ##  ##       ##     ## ##     ##       ## ##
     ##       #### ##     ## ######## ########  ##     ##  ######  ########

You're about to initialize a Firebase project in this directory:

  F:\NetfixGPT'\netflix-ai

Before we get started, keep in mind:

  * You are initializing within an existing Firebase project directory

